<?xml version="1.0" encoding="UTF-8"?>
<coverage generated="1587617956034" clover="3.2.0">
  <project timestamp="1587617956034" name="All files">
    <metrics statements="7" coveredstatements="7" conditionals="0" coveredconditionals="0" methods="1" coveredmethods="1" elements="8" coveredelements="8" complexity="0" loc="7" ncloc="7" packages="1" files="2" classes="2"/>
    <file name="JohanBtnHook.js" path="E:\桌面\一个微小组件的诞生\npm\src\JohanBtnHook.js">
      <metrics statements="7" coveredstatements="7" conditionals="0" coveredconditionals="0" methods="1" coveredmethods="1"/>
      <line num="7" count="5" type="stmt"/>
      <line num="9" count="5" type="stmt"/>
      <line num="10" count="5" type="stmt"/>
      <line num="11" count="5" type="stmt"/>
      <line num="13" count="5" type="stmt"/>
      <line num="25" count="1" type="stmt"/>
      <line num="32" count="1" type="stmt"/>
    </file>
    <file name="index.js" path="E:\桌面\一个微小组件的诞生\npm\src\index.js">
      <metrics statements="0" coveredstatements="0" conditionals="0" coveredconditionals="0" methods="0" coveredmethods="0"/>
    </file>
  </project>
</coverage>
