{"E:\\桌面\\一个微小组件的诞生\\npm\\src\\JohanBtnHook.js": {"path":"E:\\桌面\\一个微小组件的诞生\\npm\\src\\JohanBtnHook.js","statementMap":{"0":{"start":{"line":7,"column":67},"end":{"line":7,"column":72}},"1":{"start":{"line":9,"column":23},"end":{"line":9,"column":42}},"2":{"start":{"line":10,"column":23},"end":{"line":10,"column":42}},"3":{"start":{"line":11,"column":21},"end":{"line":11,"column":79}},"4":{"start":{"line":13,"column":4},"end":{"line":22,"column":6}},"5":{"start":{"line":25,"column":0},"end":{"line":30,"column":2}},"6":{"start":{"line":32,"column":0},"end":{"line":37,"column":2}}},"fnMap":{"0":{"name":"Button","decl":{"start":{"line":5,"column":9},"end":{"line":5,"column":15}},"loc":{"start":{"line":5,"column":23},"end":{"line":23,"column":1}},"line":5}},"branchMap":{},"s":{"0":5,"1":5,"2":5,"3":5,"4":5,"5":1,"6":1},"f":{"0":5},"b":{},"_coverageSchema":"1a1c01bbd47fc00a2c39e90264f33305004495a9","hash":"e5ccde166a9dc50cc0f5029821b0cee6976246a5"}
,"E:\\桌面\\一个微小组件的诞生\\npm\\src\\index.js": {"path":"E:\\桌面\\一个微小组件的诞生\\npm\\src\\index.js","statementMap":{},"fnMap":{},"branchMap":{},"s":{},"f":{},"b":{},"_coverageSchema":"1a1c01bbd47fc00a2c39e90264f33305004495a9","hash":"3dac3dfa0767c8c662f346117a934f431d59a672"}
}
